{"C:\\Users\\Aleks\\Desktop\\ExamPrep\\src\\components\\lesson\\InteractiveOverlay.tsx": {"path":"C:\\Users\\Aleks\\Desktop\\ExamPrep\\src\\components\\lesson\\InteractiveOverlay.tsx","statementMap":{"0":{"start":{"line":11,"column":23},"end":{"line":14,"column":null}},"1":{"start":{"line":12,"column":22},"end":{"line":12,"column":null}},"2":{"start":{"line":13,"column":4},"end":{"line":13,"column":null}},"3":{"start":{"line":16,"column":2},"end":{"line":75,"column":null}},"4":{"start":{"line":49,"column":14},"end":{"line":66,"column":null}},"5":{"start":{"line":53,"column":31},"end":{"line":53,"column":null}}},"fnMap":{"0":{"name":"InteractiveOverlay","decl":{"start":{"line":10,"column":16},"end":{"line":10,"column":35}},"loc":{"start":{"line":10,"column":84},"end":{"line":77,"column":null}},"line":10},"1":{"name":"(anonymous_1)","decl":{"start":{"line":11,"column":23},"end":{"line":11,"column":24}},"loc":{"start":{"line":11,"column":42},"end":{"line":14,"column":null}},"line":11},"2":{"name":"(anonymous_2)","decl":{"start":{"line":48,"column":34},"end":{"line":48,"column":35}},"loc":{"start":{"line":49,"column":14},"end":{"line":66,"column":null}},"line":49},"3":{"name":"(anonymous_3)","decl":{"start":{"line":53,"column":25},"end":{"line":53,"column":31}},"loc":{"start":{"line":53,"column":31},"end":{"line":53,"column":null}},"line":53}},"branchMap":{"0":{"loc":{"start":{"line":40,"column":14},"end":{"line":40,"column":38}},"type":"binary-expr","locations":[{"start":{"line":40,"column":14},"end":{"line":40,"column":35}},{"start":{"line":40,"column":35},"end":{"line":40,"column":38}}],"line":40}},"s":{"0":16,"1":6,"2":6,"3":16,"4":62,"5":6},"f":{"0":16,"1":6,"2":62,"3":6},"b":{"0":[16,4]},"meta":{"lastBranch":1,"lastFunction":4,"lastStatement":6,"seen":{"f:10:16:10:35":0,"s:11:23:14:Infinity":0,"f:11:23:11:24":1,"s:12:22:12:Infinity":1,"s:13:4:13:Infinity":2,"s:16:2:75:Infinity":3,"b:40:14:40:35:40:35:40:38":0,"f:48:34:48:35":2,"s:49:14:66:Infinity":4,"f:53:25:53:31":3,"s:53:31:53:Infinity":5}}}
,"C:\\Users\\Aleks\\Desktop\\ExamPrep\\src\\components\\lesson\\VideoPlayer.tsx": {"path":"C:\\Users\\Aleks\\Desktop\\ExamPrep\\src\\components\\lesson\\VideoPlayer.tsx","statementMap":{"0":{"start":{"line":36,"column":8},"end":{"line":36,"column":null}},"1":{"start":{"line":37,"column":8},"end":{"line":37,"column":null}},"2":{"start":{"line":40,"column":28},"end":{"line":40,"column":null}},"3":{"start":{"line":41,"column":26},"end":{"line":41,"column":null}},"4":{"start":{"line":42,"column":24},"end":{"line":42,"column":null}},"5":{"start":{"line":43,"column":38},"end":{"line":43,"column":null}},"6":{"start":{"line":44,"column":30},"end":{"line":44,"column":null}},"7":{"start":{"line":45,"column":36},"end":{"line":45,"column":null}},"8":{"start":{"line":46,"column":38},"end":{"line":46,"column":null}},"9":{"start":{"line":47,"column":38},"end":{"line":47,"column":null}},"10":{"start":{"line":48,"column":28},"end":{"line":48,"column":null}},"11":{"start":{"line":51,"column":42},"end":{"line":51,"column":null}},"12":{"start":{"line":52,"column":48},"end":{"line":52,"column":null}},"13":{"start":{"line":55,"column":63},"end":{"line":55,"column":null}},"14":{"start":{"line":58,"column":8},"end":{"line":58,"column":null}},"15":{"start":{"line":59,"column":2},"end":{"line":61,"column":null}},"16":{"start":{"line":60,"column":4},"end":{"line":60,"column":null}},"17":{"start":{"line":64,"column":2},"end":{"line":69,"column":null}},"18":{"start":{"line":65,"column":4},"end":{"line":68,"column":null}},"19":{"start":{"line":66,"column":6},"end":{"line":66,"column":null}},"20":{"start":{"line":67,"column":6},"end":{"line":67,"column":null}},"21":{"start":{"line":72,"column":2},"end":{"line":74,"column":null}},"22":{"start":{"line":73,"column":4},"end":{"line":73,"column":null}},"23":{"start":{"line":77,"column":2},"end":{"line":91,"column":null}},"24":{"start":{"line":78,"column":4},"end":{"line":78,"column":null}},"25":{"start":{"line":78,"column":36},"end":{"line":78,"column":null}},"26":{"start":{"line":80,"column":21},"end":{"line":82,"column":null}},"27":{"start":{"line":81,"column":13},"end":{"line":81,"column":null}},"28":{"start":{"line":84,"column":4},"end":{"line":90,"column":null}},"29":{"start":{"line":85,"column":6},"end":{"line":85,"column":null}},"30":{"start":{"line":86,"column":6},"end":{"line":88,"column":null}},"31":{"start":{"line":87,"column":8},"end":{"line":87,"column":null}},"32":{"start":{"line":89,"column":6},"end":{"line":89,"column":null}},"33":{"start":{"line":94,"column":8},"end":{"line":94,"column":null}},"34":{"start":{"line":97,"column":8},"end":{"line":112,"column":null}},"35":{"start":{"line":98,"column":4},"end":{"line":111,"column":null}},"36":{"start":{"line":99,"column":18},"end":{"line":99,"column":null}},"37":{"start":{"line":101,"column":6},"end":{"line":103,"column":null}},"38":{"start":{"line":102,"column":8},"end":{"line":102,"column":null}},"39":{"start":{"line":104,"column":6},"end":{"line":104,"column":null}},"40":{"start":{"line":106,"column":19},"end":{"line":106,"column":null}},"41":{"start":{"line":107,"column":6},"end":{"line":107,"column":null}},"42":{"start":{"line":108,"column":6},"end":{"line":110,"column":null}},"43":{"start":{"line":109,"column":8},"end":{"line":109,"column":null}},"44":{"start":{"line":115,"column":8},"end":{"line":120,"column":null}},"45":{"start":{"line":116,"column":4},"end":{"line":119,"column":null}},"46":{"start":{"line":117,"column":6},"end":{"line":117,"column":null}},"47":{"start":{"line":118,"column":6},"end":{"line":118,"column":null}},"48":{"start":{"line":123,"column":8},"end":{"line":126,"column":null}},"49":{"start":{"line":124,"column":4},"end":{"line":124,"column":null}},"50":{"start":{"line":125,"column":4},"end":{"line":125,"column":null}},"51":{"start":{"line":129,"column":8},"end":{"line":145,"column":null}},"52":{"start":{"line":131,"column":23},"end":{"line":131,"column":null}},"53":{"start":{"line":131,"column":45},"end":{"line":131,"column":64}},"54":{"start":{"line":132,"column":17},"end":{"line":132,"column":null}},"55":{"start":{"line":134,"column":6},"end":{"line":134,"column":null}},"56":{"start":{"line":134,"column":37},"end":{"line":134,"column":58}},"57":{"start":{"line":135,"column":6},"end":{"line":135,"column":null}},"58":{"start":{"line":136,"column":6},"end":{"line":136,"column":null}},"59":{"start":{"line":137,"column":6},"end":{"line":137,"column":null}},"60":{"start":{"line":138,"column":6},"end":{"line":140,"column":null}},"61":{"start":{"line":139,"column":8},"end":{"line":139,"column":null}},"62":{"start":{"line":142,"column":6},"end":{"line":142,"column":null}},"63":{"start":{"line":148,"column":8},"end":{"line":157,"column":null}},"64":{"start":{"line":150,"column":6},"end":{"line":154,"column":null}},"65":{"start":{"line":151,"column":24},"end":{"line":151,"column":null}},"66":{"start":{"line":152,"column":8},"end":{"line":152,"column":null}},"67":{"start":{"line":153,"column":8},"end":{"line":153,"column":null}},"68":{"start":{"line":160,"column":8},"end":{"line":169,"column":null}},"69":{"start":{"line":162,"column":6},"end":{"line":166,"column":null}},"70":{"start":{"line":163,"column":24},"end":{"line":163,"column":null}},"71":{"start":{"line":164,"column":8},"end":{"line":164,"column":null}},"72":{"start":{"line":165,"column":8},"end":{"line":165,"column":null}},"73":{"start":{"line":172,"column":8},"end":{"line":181,"column":null}},"74":{"start":{"line":173,"column":4},"end":{"line":180,"column":null}},"75":{"start":{"line":174,"column":6},"end":{"line":178,"column":null}},"76":{"start":{"line":175,"column":8},"end":{"line":175,"column":null}},"77":{"start":{"line":177,"column":8},"end":{"line":177,"column":null}},"78":{"start":{"line":179,"column":6},"end":{"line":179,"column":null}},"79":{"start":{"line":184,"column":8},"end":{"line":193,"column":null}},"80":{"start":{"line":185,"column":4},"end":{"line":185,"column":null}},"81":{"start":{"line":185,"column":31},"end":{"line":185,"column":null}},"82":{"start":{"line":187,"column":4},"end":{"line":191,"column":null}},"83":{"start":{"line":188,"column":6},"end":{"line":188,"column":null}},"84":{"start":{"line":190,"column":6},"end":{"line":190,"column":null}},"85":{"start":{"line":192,"column":4},"end":{"line":192,"column":null}},"86":{"start":{"line":196,"column":2},"end":{"line":203,"column":null}},"87":{"start":{"line":197,"column":35},"end":{"line":199,"column":null}},"88":{"start":{"line":198,"column":6},"end":{"line":198,"column":null}},"89":{"start":{"line":201,"column":4},"end":{"line":201,"column":null}},"90":{"start":{"line":202,"column":4},"end":{"line":202,"column":null}},"91":{"start":{"line":202,"column":17},"end":{"line":202,"column":null}},"92":{"start":{"line":206,"column":2},"end":{"line":210,"column":null}},"93":{"start":{"line":207,"column":4},"end":{"line":209,"column":null}},"94":{"start":{"line":208,"column":6},"end":{"line":208,"column":null}},"95":{"start":{"line":213,"column":2},"end":{"line":217,"column":null}},"96":{"start":{"line":214,"column":4},"end":{"line":216,"column":null}},"97":{"start":{"line":215,"column":6},"end":{"line":215,"column":null}},"98":{"start":{"line":220,"column":21},"end":{"line":224,"column":null}},"99":{"start":{"line":221,"column":17},"end":{"line":221,"column":null}},"100":{"start":{"line":222,"column":17},"end":{"line":222,"column":null}},"101":{"start":{"line":223,"column":4},"end":{"line":223,"column":null}},"102":{"start":{"line":227,"column":2},"end":{"line":247,"column":null}},"103":{"start":{"line":230,"column":28},"end":{"line":236,"column":null}},"104":{"start":{"line":231,"column":6},"end":{"line":231,"column":null}},"105":{"start":{"line":232,"column":6},"end":{"line":232,"column":null}},"106":{"start":{"line":233,"column":6},"end":{"line":235,"column":null}},"107":{"start":{"line":234,"column":8},"end":{"line":234,"column":null}},"108":{"start":{"line":234,"column":35},"end":{"line":234,"column":59}},"109":{"start":{"line":238,"column":22},"end":{"line":238,"column":null}},"110":{"start":{"line":239,"column":4},"end":{"line":239,"column":null}},"111":{"start":{"line":240,"column":4},"end":{"line":240,"column":null}},"112":{"start":{"line":242,"column":4},"end":{"line":246,"column":null}},"113":{"start":{"line":243,"column":6},"end":{"line":243,"column":null}},"114":{"start":{"line":244,"column":6},"end":{"line":244,"column":null}},"115":{"start":{"line":245,"column":6},"end":{"line":245,"column":null}},"116":{"start":{"line":249,"column":26},"end":{"line":249,"column":null}},"117":{"start":{"line":251,"column":2},"end":{"line":451,"column":null}},"118":{"start":{"line":270,"column":26},"end":{"line":270,"column":null}},"119":{"start":{"line":271,"column":27},"end":{"line":271,"column":null}},"120":{"start":{"line":327,"column":22},"end":{"line":327,"column":null}},"121":{"start":{"line":328,"column":22},"end":{"line":328,"column":null}},"122":{"start":{"line":342,"column":22},"end":{"line":342,"column":null}},"123":{"start":{"line":343,"column":22},"end":{"line":343,"column":null}},"124":{"start":{"line":356,"column":22},"end":{"line":356,"column":null}},"125":{"start":{"line":357,"column":22},"end":{"line":357,"column":null}},"126":{"start":{"line":378,"column":24},"end":{"line":378,"column":null}},"127":{"start":{"line":379,"column":24},"end":{"line":379,"column":null}},"128":{"start":{"line":388,"column":36},"end":{"line":388,"column":null}},"129":{"start":{"line":393,"column":39},"end":{"line":393,"column":null}},"130":{"start":{"line":413,"column":40},"end":{"line":413,"column":null}},"131":{"start":{"line":422,"column":22},"end":{"line":428,"column":null}},"132":{"start":{"line":424,"column":39},"end":{"line":424,"column":null}},"133":{"start":{"line":437,"column":22},"end":{"line":437,"column":null}},"134":{"start":{"line":438,"column":22},"end":{"line":438,"column":null}}},"fnMap":{"0":{"name":"VideoPlayer","decl":{"start":{"line":28,"column":16},"end":{"line":28,"column":28}},"loc":{"start":{"line":35,"column":21},"end":{"line":453,"column":null}},"line":35},"1":{"name":"(anonymous_1)","decl":{"start":{"line":64,"column":12},"end":{"line":64,"column":18}},"loc":{"start":{"line":64,"column":18},"end":{"line":69,"column":5}},"line":64},"2":{"name":"(anonymous_2)","decl":{"start":{"line":72,"column":12},"end":{"line":72,"column":18}},"loc":{"start":{"line":72,"column":18},"end":{"line":74,"column":5}},"line":72},"3":{"name":"(anonymous_3)","decl":{"start":{"line":77,"column":12},"end":{"line":77,"column":18}},"loc":{"start":{"line":77,"column":18},"end":{"line":91,"column":5}},"line":77},"4":{"name":"(anonymous_4)","decl":{"start":{"line":81,"column":6},"end":{"line":81,"column":7}},"loc":{"start":{"line":81,"column":13},"end":{"line":81,"column":null}},"line":81},"5":{"name":"(anonymous_5)","decl":{"start":{"line":97,"column":39},"end":{"line":97,"column":45}},"loc":{"start":{"line":97,"column":45},"end":{"line":112,"column":5}},"line":97},"6":{"name":"(anonymous_6)","decl":{"start":{"line":115,"column":43},"end":{"line":115,"column":49}},"loc":{"start":{"line":115,"column":49},"end":{"line":120,"column":5}},"line":115},"7":{"name":"(anonymous_7)","decl":{"start":{"line":123,"column":34},"end":{"line":123,"column":40}},"loc":{"start":{"line":123,"column":40},"end":{"line":126,"column":5}},"line":123},"8":{"name":"(anonymous_8)","decl":{"start":{"line":130,"column":4},"end":{"line":130,"column":5}},"loc":{"start":{"line":130,"column":72},"end":{"line":143,"column":null}},"line":130},"9":{"name":"(anonymous_9)","decl":{"start":{"line":131,"column":38},"end":{"line":131,"column":39}},"loc":{"start":{"line":131,"column":45},"end":{"line":131,"column":64}},"line":131},"10":{"name":"(anonymous_10)","decl":{"start":{"line":134,"column":27},"end":{"line":134,"column":28}},"loc":{"start":{"line":134,"column":37},"end":{"line":134,"column":58}},"line":134},"11":{"name":"(anonymous_11)","decl":{"start":{"line":149,"column":4},"end":{"line":149,"column":5}},"loc":{"start":{"line":149,"column":23},"end":{"line":155,"column":null}},"line":149},"12":{"name":"(anonymous_12)","decl":{"start":{"line":161,"column":4},"end":{"line":161,"column":5}},"loc":{"start":{"line":161,"column":25},"end":{"line":167,"column":null}},"line":161},"13":{"name":"(anonymous_13)","decl":{"start":{"line":172,"column":33},"end":{"line":172,"column":39}},"loc":{"start":{"line":172,"column":39},"end":{"line":181,"column":5}},"line":172},"14":{"name":"(anonymous_14)","decl":{"start":{"line":184,"column":39},"end":{"line":184,"column":45}},"loc":{"start":{"line":184,"column":45},"end":{"line":193,"column":5}},"line":184},"15":{"name":"(anonymous_15)","decl":{"start":{"line":196,"column":12},"end":{"line":196,"column":18}},"loc":{"start":{"line":196,"column":18},"end":{"line":203,"column":5}},"line":196},"16":{"name":"(anonymous_16)","decl":{"start":{"line":197,"column":35},"end":{"line":197,"column":41}},"loc":{"start":{"line":197,"column":41},"end":{"line":199,"column":null}},"line":197},"17":{"name":"(anonymous_17)","decl":{"start":{"line":202,"column":11},"end":{"line":202,"column":17}},"loc":{"start":{"line":202,"column":17},"end":{"line":202,"column":null}},"line":202},"18":{"name":"(anonymous_18)","decl":{"start":{"line":206,"column":12},"end":{"line":206,"column":18}},"loc":{"start":{"line":206,"column":18},"end":{"line":210,"column":5}},"line":206},"19":{"name":"(anonymous_19)","decl":{"start":{"line":213,"column":12},"end":{"line":213,"column":18}},"loc":{"start":{"line":213,"column":18},"end":{"line":217,"column":5}},"line":213},"20":{"name":"(anonymous_20)","decl":{"start":{"line":220,"column":21},"end":{"line":220,"column":22}},"loc":{"start":{"line":220,"column":42},"end":{"line":224,"column":null}},"line":220},"21":{"name":"(anonymous_21)","decl":{"start":{"line":227,"column":12},"end":{"line":227,"column":18}},"loc":{"start":{"line":227,"column":18},"end":{"line":247,"column":5}},"line":227},"22":{"name":"(anonymous_22)","decl":{"start":{"line":230,"column":28},"end":{"line":230,"column":34}},"loc":{"start":{"line":230,"column":34},"end":{"line":236,"column":null}},"line":230},"23":{"name":"(anonymous_23)","decl":{"start":{"line":234,"column":29},"end":{"line":234,"column":35}},"loc":{"start":{"line":234,"column":35},"end":{"line":234,"column":59}},"line":234},"24":{"name":"(anonymous_24)","decl":{"start":{"line":242,"column":11},"end":{"line":242,"column":17}},"loc":{"start":{"line":242,"column":17},"end":{"line":246,"column":null}},"line":242},"25":{"name":"(anonymous_25)","decl":{"start":{"line":270,"column":20},"end":{"line":270,"column":26}},"loc":{"start":{"line":270,"column":26},"end":{"line":270,"column":null}},"line":270},"26":{"name":"(anonymous_26)","decl":{"start":{"line":271,"column":21},"end":{"line":271,"column":27}},"loc":{"start":{"line":271,"column":27},"end":{"line":271,"column":null}},"line":271},"27":{"name":"(anonymous_27)","decl":{"start":{"line":326,"column":29},"end":{"line":326,"column":30}},"loc":{"start":{"line":326,"column":36},"end":{"line":329,"column":null}},"line":326},"28":{"name":"(anonymous_28)","decl":{"start":{"line":341,"column":29},"end":{"line":341,"column":30}},"loc":{"start":{"line":341,"column":36},"end":{"line":344,"column":null}},"line":341},"29":{"name":"(anonymous_29)","decl":{"start":{"line":355,"column":29},"end":{"line":355,"column":30}},"loc":{"start":{"line":355,"column":36},"end":{"line":358,"column":null}},"line":355},"30":{"name":"(anonymous_30)","decl":{"start":{"line":377,"column":31},"end":{"line":377,"column":32}},"loc":{"start":{"line":377,"column":38},"end":{"line":380,"column":null}},"line":377},"31":{"name":"(anonymous_31)","decl":{"start":{"line":388,"column":29},"end":{"line":388,"column":30}},"loc":{"start":{"line":388,"column":36},"end":{"line":388,"column":null}},"line":388},"32":{"name":"(anonymous_32)","decl":{"start":{"line":393,"column":32},"end":{"line":393,"column":33}},"loc":{"start":{"line":393,"column":39},"end":{"line":393,"column":null}},"line":393},"33":{"name":"(anonymous_33)","decl":{"start":{"line":413,"column":33},"end":{"line":413,"column":34}},"loc":{"start":{"line":413,"column":40},"end":{"line":413,"column":null}},"line":413},"34":{"name":"(anonymous_34)","decl":{"start":{"line":421,"column":54},"end":{"line":421,"column":55}},"loc":{"start":{"line":422,"column":22},"end":{"line":428,"column":null}},"line":422},"35":{"name":"(anonymous_35)","decl":{"start":{"line":424,"column":33},"end":{"line":424,"column":39}},"loc":{"start":{"line":424,"column":39},"end":{"line":424,"column":null}},"line":424},"36":{"name":"(anonymous_36)","decl":{"start":{"line":436,"column":29},"end":{"line":436,"column":30}},"loc":{"start":{"line":436,"column":36},"end":{"line":439,"column":null}},"line":436}},"branchMap":{"0":{"loc":{"start":{"line":31,"column":2},"end":{"line":31,"column":null}},"type":"default-arg","locations":[{"start":{"line":31,"column":10},"end":{"line":31,"column":null}}],"line":31},"1":{"loc":{"start":{"line":33,"column":2},"end":{"line":33,"column":null}},"type":"default-arg","locations":[{"start":{"line":33,"column":14},"end":{"line":33,"column":null}}],"line":33},"2":{"loc":{"start":{"line":59,"column":2},"end":{"line":61,"column":null}},"type":"if","locations":[{"start":{"line":59,"column":2},"end":{"line":61,"column":null}},{"start":{},"end":{}}],"line":59},"3":{"loc":{"start":{"line":59,"column":6},"end":{"line":59,"column":72}},"type":"binary-expr","locations":[{"start":{"line":59,"column":6},"end":{"line":59,"column":45}},{"start":{"line":59,"column":45},"end":{"line":59,"column":72}}],"line":59},"4":{"loc":{"start":{"line":65,"column":4},"end":{"line":68,"column":null}},"type":"if","locations":[{"start":{"line":65,"column":4},"end":{"line":68,"column":null}},{"start":{},"end":{}}],"line":65},"5":{"loc":{"start":{"line":65,"column":8},"end":{"line":65,"column":102}},"type":"binary-expr","locations":[{"start":{"line":65,"column":8},"end":{"line":65,"column":19}},{"start":{"line":65,"column":19},"end":{"line":65,"column":49}},{"start":{"line":65,"column":49},"end":{"line":65,"column":83}},{"start":{"line":65,"column":83},"end":{"line":65,"column":102}}],"line":65},"6":{"loc":{"start":{"line":78,"column":4},"end":{"line":78,"column":null}},"type":"if","locations":[{"start":{"line":78,"column":4},"end":{"line":78,"column":null}},{"start":{},"end":{}}],"line":78},"7":{"loc":{"start":{"line":78,"column":8},"end":{"line":78,"column":36}},"type":"binary-expr","locations":[{"start":{"line":78,"column":8},"end":{"line":78,"column":20}},{"start":{"line":78,"column":20},"end":{"line":78,"column":36}}],"line":78},"8":{"loc":{"start":{"line":81,"column":13},"end":{"line":81,"column":null}},"type":"binary-expr","locations":[{"start":{"line":81,"column":13},"end":{"line":81,"column":58}},{"start":{"line":81,"column":58},"end":{"line":81,"column":null}}],"line":81},"9":{"loc":{"start":{"line":84,"column":4},"end":{"line":90,"column":null}},"type":"if","locations":[{"start":{"line":84,"column":4},"end":{"line":90,"column":null}},{"start":{},"end":{}}],"line":84},"10":{"loc":{"start":{"line":86,"column":6},"end":{"line":88,"column":null}},"type":"if","locations":[{"start":{"line":86,"column":6},"end":{"line":88,"column":null}},{"start":{},"end":{}}],"line":86},"11":{"loc":{"start":{"line":98,"column":4},"end":{"line":111,"column":null}},"type":"if","locations":[{"start":{"line":98,"column":4},"end":{"line":111,"column":null}},{"start":{},"end":{}}],"line":98},"12":{"loc":{"start":{"line":101,"column":6},"end":{"line":103,"column":null}},"type":"if","locations":[{"start":{"line":101,"column":6},"end":{"line":103,"column":null}},{"start":{},"end":{}}],"line":101},"13":{"loc":{"start":{"line":108,"column":6},"end":{"line":110,"column":null}},"type":"if","locations":[{"start":{"line":108,"column":6},"end":{"line":110,"column":null}},{"start":{},"end":{}}],"line":108},"14":{"loc":{"start":{"line":116,"column":4},"end":{"line":119,"column":null}},"type":"if","locations":[{"start":{"line":116,"column":4},"end":{"line":119,"column":null}},{"start":{},"end":{}}],"line":116},"15":{"loc":{"start":{"line":132,"column":17},"end":{"line":132,"column":null}},"type":"cond-expr","locations":[{"start":{"line":132,"column":29},"end":{"line":132,"column":56}},{"start":{"line":132,"column":56},"end":{"line":132,"column":null}}],"line":132},"16":{"loc":{"start":{"line":132,"column":29},"end":{"line":132,"column":56}},"type":"binary-expr","locations":[{"start":{"line":132,"column":29},"end":{"line":132,"column":51}},{"start":{"line":132,"column":51},"end":{"line":132,"column":56}}],"line":132},"17":{"loc":{"start":{"line":138,"column":6},"end":{"line":140,"column":null}},"type":"if","locations":[{"start":{"line":138,"column":6},"end":{"line":140,"column":null}},{"start":{},"end":{}}],"line":138},"18":{"loc":{"start":{"line":150,"column":6},"end":{"line":154,"column":null}},"type":"if","locations":[{"start":{"line":150,"column":6},"end":{"line":154,"column":null}},{"start":{},"end":{}}],"line":150},"19":{"loc":{"start":{"line":150,"column":10},"end":{"line":150,"column":45}},"type":"binary-expr","locations":[{"start":{"line":150,"column":10},"end":{"line":150,"column":26}},{"start":{"line":150,"column":26},"end":{"line":150,"column":45}}],"line":150},"20":{"loc":{"start":{"line":162,"column":6},"end":{"line":166,"column":null}},"type":"if","locations":[{"start":{"line":162,"column":6},"end":{"line":166,"column":null}},{"start":{},"end":{}}],"line":162},"21":{"loc":{"start":{"line":173,"column":4},"end":{"line":180,"column":null}},"type":"if","locations":[{"start":{"line":173,"column":4},"end":{"line":180,"column":null}},{"start":{},"end":{}}],"line":173},"22":{"loc":{"start":{"line":173,"column":8},"end":{"line":173,"column":46}},"type":"binary-expr","locations":[{"start":{"line":173,"column":8},"end":{"line":173,"column":27}},{"start":{"line":173,"column":27},"end":{"line":173,"column":46}}],"line":173},"23":{"loc":{"start":{"line":174,"column":6},"end":{"line":178,"column":null}},"type":"if","locations":[{"start":{"line":174,"column":6},"end":{"line":178,"column":null}},{"start":{"line":176,"column":13},"end":{"line":178,"column":null}}],"line":174},"24":{"loc":{"start":{"line":185,"column":4},"end":{"line":185,"column":null}},"type":"if","locations":[{"start":{"line":185,"column":4},"end":{"line":185,"column":null}},{"start":{},"end":{}}],"line":185},"25":{"loc":{"start":{"line":187,"column":4},"end":{"line":191,"column":null}},"type":"if","locations":[{"start":{"line":187,"column":4},"end":{"line":191,"column":null}},{"start":{"line":189,"column":11},"end":{"line":191,"column":null}}],"line":187},"26":{"loc":{"start":{"line":207,"column":4},"end":{"line":209,"column":null}},"type":"if","locations":[{"start":{"line":207,"column":4},"end":{"line":209,"column":null}},{"start":{},"end":{}}],"line":207},"27":{"loc":{"start":{"line":208,"column":33},"end":{"line":208,"column":null}},"type":"cond-expr","locations":[{"start":{"line":208,"column":41},"end":{"line":208,"column":45}},{"start":{"line":208,"column":45},"end":{"line":208,"column":null}}],"line":208},"28":{"loc":{"start":{"line":214,"column":4},"end":{"line":216,"column":null}},"type":"if","locations":[{"start":{"line":214,"column":4},"end":{"line":216,"column":null}},{"start":{},"end":{}}],"line":214},"29":{"loc":{"start":{"line":233,"column":6},"end":{"line":235,"column":null}},"type":"if","locations":[{"start":{"line":233,"column":6},"end":{"line":235,"column":null}},{"start":{},"end":{}}],"line":233},"30":{"loc":{"start":{"line":249,"column":26},"end":{"line":249,"column":null}},"type":"cond-expr","locations":[{"start":{"line":249,"column":42},"end":{"line":249,"column":74}},{"start":{"line":249,"column":74},"end":{"line":249,"column":null}}],"line":249},"31":{"loc":{"start":{"line":259,"column":20},"end":{"line":259,"column":null}},"type":"cond-expr","locations":[{"start":{"line":259,"column":35},"end":{"line":259,"column":47}},{"start":{"line":259,"column":47},"end":{"line":259,"column":null}}],"line":259},"32":{"loc":{"start":{"line":278,"column":9},"end":{"line":279,"column":null}},"type":"binary-expr","locations":[{"start":{"line":278,"column":9},"end":{"line":278,"column":null}},{"start":{"line":279,"column":10},"end":{"line":279,"column":null}}],"line":278},"33":{"loc":{"start":{"line":291,"column":21},"end":{"line":291,"column":null}},"type":"cond-expr","locations":[{"start":{"line":291,"column":55},"end":{"line":291,"column":59}},{"start":{"line":291,"column":59},"end":{"line":291,"column":null}}],"line":291},"34":{"loc":{"start":{"line":291,"column":21},"end":{"line":291,"column":55}},"type":"binary-expr","locations":[{"start":{"line":291,"column":21},"end":{"line":291,"column":37}},{"start":{"line":291,"column":37},"end":{"line":291,"column":55}}],"line":291},"35":{"loc":{"start":{"line":293,"column":27},"end":{"line":293,"column":null}},"type":"cond-expr","locations":[{"start":{"line":293,"column":61},"end":{"line":293,"column":70}},{"start":{"line":293,"column":70},"end":{"line":293,"column":null}}],"line":293},"36":{"loc":{"start":{"line":293,"column":27},"end":{"line":293,"column":61}},"type":"binary-expr","locations":[{"start":{"line":293,"column":27},"end":{"line":293,"column":43}},{"start":{"line":293,"column":43},"end":{"line":293,"column":61}}],"line":293},"37":{"loc":{"start":{"line":324,"column":32},"end":{"line":324,"column":null}},"type":"cond-expr","locations":[{"start":{"line":324,"column":42},"end":{"line":324,"column":52}},{"start":{"line":324,"column":52},"end":{"line":324,"column":null}}],"line":324},"38":{"loc":{"start":{"line":334,"column":21},"end":{"line":334,"column":null}},"type":"cond-expr","locations":[{"start":{"line":334,"column":31},"end":{"line":334,"column":63}},{"start":{"line":334,"column":63},"end":{"line":334,"column":null}}],"line":334},"39":{"loc":{"start":{"line":375,"column":34},"end":{"line":375,"column":null}},"type":"cond-expr","locations":[{"start":{"line":375,"column":42},"end":{"line":375,"column":60}},{"start":{"line":375,"column":60},"end":{"line":375,"column":null}}],"line":375},"40":{"loc":{"start":{"line":384,"column":23},"end":{"line":384,"column":null}},"type":"cond-expr","locations":[{"start":{"line":384,"column":31},"end":{"line":384,"column":61}},{"start":{"line":384,"column":61},"end":{"line":384,"column":null}}],"line":384},"41":{"loc":{"start":{"line":425,"column":45},"end":{"line":425,"column":79}},"type":"cond-expr","locations":[{"start":{"line":425,"column":69},"end":{"line":425,"column":75}},{"start":{"line":425,"column":75},"end":{"line":425,"column":79}}],"line":425},"42":{"loc":{"start":{"line":427,"column":33},"end":{"line":427,"column":null}},"type":"binary-expr","locations":[{"start":{"line":427,"column":33},"end":{"line":427,"column":47}},{"start":{"line":427,"column":47},"end":{"line":427,"column":null}}],"line":427},"43":{"loc":{"start":{"line":434,"column":32},"end":{"line":434,"column":null}},"type":"cond-expr","locations":[{"start":{"line":434,"column":47},"end":{"line":434,"column":75}},{"start":{"line":434,"column":75},"end":{"line":434,"column":null}}],"line":434},"44":{"loc":{"start":{"line":443,"column":21},"end":{"line":443,"column":null}},"type":"cond-expr","locations":[{"start":{"line":443,"column":36},"end":{"line":443,"column":65}},{"start":{"line":443,"column":65},"end":{"line":443,"column":null}}],"line":443}},"s":{"0":0,"1":0,"2":0,"3":0,"4":0,"5":0,"6":0,"7":0,"8":0,"9":0,"10":0,"11":0,"12":0,"13":0,"14":0,"15":0,"16":0,"17":0,"18":0,"19":0,"20":0,"21":0,"22":0,"23":0,"24":0,"25":0,"26":0,"27":0,"28":0,"29":0,"30":0,"31":0,"32":0,"33":0,"34":0,"35":0,"36":0,"37":0,"38":0,"39":0,"40":0,"41":0,"42":0,"43":0,"44":0,"45":0,"46":0,"47":0,"48":0,"49":0,"50":0,"51":0,"52":0,"53":0,"54":0,"55":0,"56":0,"57":0,"58":0,"59":0,"60":0,"61":0,"62":0,"63":0,"64":0,"65":0,"66":0,"67":0,"68":0,"69":0,"70":0,"71":0,"72":0,"73":0,"74":0,"75":0,"76":0,"77":0,"78":0,"79":0,"80":0,"81":0,"82":0,"83":0,"84":0,"85":0,"86":0,"87":0,"88":0,"89":0,"90":0,"91":0,"92":0,"93":0,"94":0,"95":0,"96":0,"97":0,"98":0,"99":0,"100":0,"101":0,"102":0,"103":0,"104":0,"105":0,"106":0,"107":0,"108":0,"109":0,"110":0,"111":0,"112":0,"113":0,"114":0,"115":0,"116":0,"117":0,"118":0,"119":0,"120":0,"121":0,"122":0,"123":0,"124":0,"125":0,"126":0,"127":0,"128":0,"129":0,"130":0,"131":0,"132":0,"133":0,"134":0},"f":{"0":0,"1":0,"2":0,"3":0,"4":0,"5":0,"6":0,"7":0,"8":0,"9":0,"10":0,"11":0,"12":0,"13":0,"14":0,"15":0,"16":0,"17":0,"18":0,"19":0,"20":0,"21":0,"22":0,"23":0,"24":0,"25":0,"26":0,"27":0,"28":0,"29":0,"30":0,"31":0,"32":0,"33":0,"34":0,"35":0,"36":0},"b":{"0":[0],"1":[0],"2":[0,0],"3":[0,0],"4":[0,0],"5":[0,0,0,0],"6":[0,0],"7":[0,0],"8":[0,0],"9":[0,0],"10":[0,0],"11":[0,0],"12":[0,0],"13":[0,0],"14":[0,0],"15":[0,0],"16":[0,0],"17":[0,0],"18":[0,0],"19":[0,0],"20":[0,0],"21":[0,0],"22":[0,0],"23":[0,0],"24":[0,0],"25":[0,0],"26":[0,0],"27":[0,0],"28":[0,0],"29":[0,0],"30":[0,0],"31":[0,0],"32":[0,0],"33":[0,0],"34":[0,0],"35":[0,0],"36":[0,0],"37":[0,0],"38":[0,0],"39":[0,0],"40":[0,0],"41":[0,0],"42":[0,0],"43":[0,0],"44":[0,0]},"meta":{"lastBranch":45,"lastFunction":37,"lastStatement":135,"seen":{"f:28:16:28:28":0,"b:31:10:31:Infinity":0,"b:33:14:33:Infinity":1,"s:36:8:36:Infinity":0,"s:37:8:37:Infinity":1,"s:40:28:40:Infinity":2,"s:41:26:41:Infinity":3,"s:42:24:42:Infinity":4,"s:43:38:43:Infinity":5,"s:44:30:44:Infinity":6,"s:45:36:45:Infinity":7,"s:46:38:46:Infinity":8,"s:47:38:47:Infinity":9,"s:48:28:48:Infinity":10,"s:51:42:51:Infinity":11,"s:52:48:52:Infinity":12,"s:55:63:55:Infinity":13,"s:58:8:58:Infinity":14,"b:59:2:61:Infinity:undefined:undefined:undefined:undefined":2,"s:59:2:61:Infinity":15,"b:59:6:59:45:59:45:59:72":3,"s:60:4:60:Infinity":16,"s:64:2:69:Infinity":17,"f:64:12:64:18":1,"b:65:4:68:Infinity:undefined:undefined:undefined:undefined":4,"s:65:4:68:Infinity":18,"b:65:8:65:19:65:19:65:49:65:49:65:83:65:83:65:102":5,"s:66:6:66:Infinity":19,"s:67:6:67:Infinity":20,"s:72:2:74:Infinity":21,"f:72:12:72:18":2,"s:73:4:73:Infinity":22,"s:77:2:91:Infinity":23,"f:77:12:77:18":3,"b:78:4:78:Infinity:undefined:undefined:undefined:undefined":6,"s:78:4:78:Infinity":24,"b:78:8:78:20:78:20:78:36":7,"s:78:36:78:Infinity":25,"s:80:21:82:Infinity":26,"f:81:6:81:7":4,"s:81:13:81:Infinity":27,"b:81:13:81:58:81:58:81:Infinity":8,"b:84:4:90:Infinity:undefined:undefined:undefined:undefined":9,"s:84:4:90:Infinity":28,"s:85:6:85:Infinity":29,"b:86:6:88:Infinity:undefined:undefined:undefined:undefined":10,"s:86:6:88:Infinity":30,"s:87:8:87:Infinity":31,"s:89:6:89:Infinity":32,"s:94:8:94:Infinity":33,"s:97:8:112:Infinity":34,"f:97:39:97:45":5,"b:98:4:111:Infinity:undefined:undefined:undefined:undefined":11,"s:98:4:111:Infinity":35,"s:99:18:99:Infinity":36,"b:101:6:103:Infinity:undefined:undefined:undefined:undefined":12,"s:101:6:103:Infinity":37,"s:102:8:102:Infinity":38,"s:104:6:104:Infinity":39,"s:106:19:106:Infinity":40,"s:107:6:107:Infinity":41,"b:108:6:110:Infinity:undefined:undefined:undefined:undefined":13,"s:108:6:110:Infinity":42,"s:109:8:109:Infinity":43,"s:115:8:120:Infinity":44,"f:115:43:115:49":6,"b:116:4:119:Infinity:undefined:undefined:undefined:undefined":14,"s:116:4:119:Infinity":45,"s:117:6:117:Infinity":46,"s:118:6:118:Infinity":47,"s:123:8:126:Infinity":48,"f:123:34:123:40":7,"s:124:4:124:Infinity":49,"s:125:4:125:Infinity":50,"s:129:8:145:Infinity":51,"f:130:4:130:5":8,"s:131:23:131:Infinity":52,"f:131:38:131:39":9,"s:131:45:131:64":53,"s:132:17:132:Infinity":54,"b:132:29:132:56:132:56:132:Infinity":15,"b:132:29:132:51:132:51:132:56":16,"s:134:6:134:Infinity":55,"f:134:27:134:28":10,"s:134:37:134:58":56,"s:135:6:135:Infinity":57,"s:136:6:136:Infinity":58,"s:137:6:137:Infinity":59,"b:138:6:140:Infinity:undefined:undefined:undefined:undefined":17,"s:138:6:140:Infinity":60,"s:139:8:139:Infinity":61,"s:142:6:142:Infinity":62,"s:148:8:157:Infinity":63,"f:149:4:149:5":11,"b:150:6:154:Infinity:undefined:undefined:undefined:undefined":18,"s:150:6:154:Infinity":64,"b:150:10:150:26:150:26:150:45":19,"s:151:24:151:Infinity":65,"s:152:8:152:Infinity":66,"s:153:8:153:Infinity":67,"s:160:8:169:Infinity":68,"f:161:4:161:5":12,"b:162:6:166:Infinity:undefined:undefined:undefined:undefined":20,"s:162:6:166:Infinity":69,"s:163:24:163:Infinity":70,"s:164:8:164:Infinity":71,"s:165:8:165:Infinity":72,"s:172:8:181:Infinity":73,"f:172:33:172:39":13,"b:173:4:180:Infinity:undefined:undefined:undefined:undefined":21,"s:173:4:180:Infinity":74,"b:173:8:173:27:173:27:173:46":22,"b:174:6:178:Infinity:176:13:178:Infinity":23,"s:174:6:178:Infinity":75,"s:175:8:175:Infinity":76,"s:177:8:177:Infinity":77,"s:179:6:179:Infinity":78,"s:184:8:193:Infinity":79,"f:184:39:184:45":14,"b:185:4:185:Infinity:undefined:undefined:undefined:undefined":24,"s:185:4:185:Infinity":80,"s:185:31:185:Infinity":81,"b:187:4:191:Infinity:189:11:191:Infinity":25,"s:187:4:191:Infinity":82,"s:188:6:188:Infinity":83,"s:190:6:190:Infinity":84,"s:192:4:192:Infinity":85,"s:196:2:203:Infinity":86,"f:196:12:196:18":15,"s:197:35:199:Infinity":87,"f:197:35:197:41":16,"s:198:6:198:Infinity":88,"s:201:4:201:Infinity":89,"s:202:4:202:Infinity":90,"f:202:11:202:17":17,"s:202:17:202:Infinity":91,"s:206:2:210:Infinity":92,"f:206:12:206:18":18,"b:207:4:209:Infinity:undefined:undefined:undefined:undefined":26,"s:207:4:209:Infinity":93,"s:208:6:208:Infinity":94,"b:208:41:208:45:208:45:208:Infinity":27,"s:213:2:217:Infinity":95,"f:213:12:213:18":19,"b:214:4:216:Infinity:undefined:undefined:undefined:undefined":28,"s:214:4:216:Infinity":96,"s:215:6:215:Infinity":97,"s:220:21:224:Infinity":98,"f:220:21:220:22":20,"s:221:17:221:Infinity":99,"s:222:17:222:Infinity":100,"s:223:4:223:Infinity":101,"s:227:2:247:Infinity":102,"f:227:12:227:18":21,"s:230:28:236:Infinity":103,"f:230:28:230:34":22,"s:231:6:231:Infinity":104,"s:232:6:232:Infinity":105,"b:233:6:235:Infinity:undefined:undefined:undefined:undefined":29,"s:233:6:235:Infinity":106,"s:234:8:234:Infinity":107,"f:234:29:234:35":23,"s:234:35:234:59":108,"s:238:22:238:Infinity":109,"s:239:4:239:Infinity":110,"s:240:4:240:Infinity":111,"s:242:4:246:Infinity":112,"f:242:11:242:17":24,"s:243:6:243:Infinity":113,"s:244:6:244:Infinity":114,"s:245:6:245:Infinity":115,"s:249:26:249:Infinity":116,"b:249:42:249:74:249:74:249:Infinity":30,"s:251:2:451:Infinity":117,"b:259:35:259:47:259:47:259:Infinity":31,"f:270:20:270:26":25,"s:270:26:270:Infinity":118,"f:271:21:271:27":26,"s:271:27:271:Infinity":119,"b:278:9:278:Infinity:279:10:279:Infinity":32,"b:291:55:291:59:291:59:291:Infinity":33,"b:291:21:291:37:291:37:291:55":34,"b:293:61:293:70:293:70:293:Infinity":35,"b:293:27:293:43:293:43:293:61":36,"b:324:42:324:52:324:52:324:Infinity":37,"f:326:29:326:30":27,"s:327:22:327:Infinity":120,"s:328:22:328:Infinity":121,"b:334:31:334:63:334:63:334:Infinity":38,"f:341:29:341:30":28,"s:342:22:342:Infinity":122,"s:343:22:343:Infinity":123,"f:355:29:355:30":29,"s:356:22:356:Infinity":124,"s:357:22:357:Infinity":125,"b:375:42:375:60:375:60:375:Infinity":39,"f:377:31:377:32":30,"s:378:24:378:Infinity":126,"s:379:24:379:Infinity":127,"b:384:31:384:61:384:61:384:Infinity":40,"f:388:29:388:30":31,"s:388:36:388:Infinity":128,"f:393:32:393:33":32,"s:393:39:393:Infinity":129,"f:413:33:413:34":33,"s:413:40:413:Infinity":130,"f:421:54:421:55":34,"s:422:22:428:Infinity":131,"f:424:33:424:39":35,"s:424:39:424:Infinity":132,"b:425:69:425:75:425:75:425:79":41,"b:427:33:427:47:427:47:427:Infinity":42,"b:434:47:434:75:434:75:434:Infinity":43,"f:436:29:436:30":36,"s:437:22:437:Infinity":133,"s:438:22:438:Infinity":134,"b:443:36:443:65:443:65:443:Infinity":44}}}
,"C:\\Users\\Aleks\\Desktop\\ExamPrep\\src\\constants\\testVideos.ts": {"path":"C:\\Users\\Aleks\\Desktop\\ExamPrep\\src\\constants\\testVideos.ts","statementMap":{"0":{"start":{"line":4,"column":27},"end":{"line":24,"column":null}},"1":{"start":{"line":27,"column":53},"end":{"line":44,"column":null}},"2":{"start":{"line":47,"column":58},"end":{"line":77,"column":null}}},"fnMap":{},"branchMap":{},"s":{"0":1,"1":1,"2":1},"f":{},"b":{},"meta":{"lastBranch":0,"lastFunction":0,"lastStatement":3,"seen":{"s:4:27:24:Infinity":0,"s:27:53:44:Infinity":1,"s:47:58:77:Infinity":2}}}
,"C:\\Users\\Aleks\\Desktop\\ExamPrep\\src\\hooks\\useVideoProgress.ts": {"path":"C:\\Users\\Aleks\\Desktop\\ExamPrep\\src\\hooks\\useVideoProgress.ts","statementMap":{"0":{"start":{"line":4,"column":23},"end":{"line":4,"column":null}},"1":{"start":{"line":7,"column":30},"end":{"line":14,"column":null}},"2":{"start":{"line":17,"column":8},"end":{"line":17,"column":null}},"3":{"start":{"line":19,"column":8},"end":{"line":19,"column":null}},"4":{"start":{"line":22,"column":2},"end":{"line":32,"column":null}},"5":{"start":{"line":23,"column":18},"end":{"line":23,"column":null}},"6":{"start":{"line":24,"column":4},"end":{"line":31,"column":null}},"7":{"start":{"line":25,"column":6},"end":{"line":30,"column":null}},"8":{"start":{"line":26,"column":23},"end":{"line":26,"column":null}},"9":{"start":{"line":27,"column":8},"end":{"line":27,"column":null}},"10":{"start":{"line":29,"column":8},"end":{"line":29,"column":null}},"11":{"start":{"line":35,"column":2},"end":{"line":50,"column":null}},"12":{"start":{"line":36,"column":4},"end":{"line":43,"column":null}},"13":{"start":{"line":37,"column":6},"end":{"line":39,"column":null}},"14":{"start":{"line":38,"column":8},"end":{"line":38,"column":null}},"15":{"start":{"line":40,"column":6},"end":{"line":42,"column":null}},"16":{"start":{"line":41,"column":8},"end":{"line":41,"column":null}},"17":{"start":{"line":45,"column":4},"end":{"line":49,"column":null}},"18":{"start":{"line":46,"column":6},"end":{"line":48,"column":null}},"19":{"start":{"line":47,"column":8},"end":{"line":47,"column":null}},"20":{"start":{"line":53,"column":8},"end":{"line":85,"column":null}},"21":{"start":{"line":54,"column":22},"end":{"line":54,"column":null}},"22":{"start":{"line":57,"column":4},"end":{"line":59,"column":null}},"23":{"start":{"line":58,"column":6},"end":{"line":58,"column":null}},"24":{"start":{"line":60,"column":4},"end":{"line":60,"column":null}},"25":{"start":{"line":62,"column":4},"end":{"line":84,"column":null}},"26":{"start":{"line":64,"column":6},"end":{"line":70,"column":null}},"27":{"start":{"line":66,"column":8},"end":{"line":68,"column":null}},"28":{"start":{"line":67,"column":10},"end":{"line":67,"column":null}},"29":{"start":{"line":69,"column":8},"end":{"line":69,"column":null}},"30":{"start":{"line":73,"column":25},"end":{"line":73,"column":null}},"31":{"start":{"line":74,"column":27},"end":{"line":74,"column":null}},"32":{"start":{"line":75,"column":25},"end":{"line":75,"column":null}},"33":{"start":{"line":77,"column":6},"end":{"line":83,"column":null}},"34":{"start":{"line":88,"column":8},"end":{"line":93,"column":null}},"35":{"start":{"line":89,"column":4},"end":{"line":92,"column":null}},"36":{"start":{"line":89,"column":27},"end":{"line":92,"column":6}},"37":{"start":{"line":96,"column":8},"end":{"line":107,"column":null}},"38":{"start":{"line":97,"column":35},"end":{"line":104,"column":null}},"39":{"start":{"line":105,"column":4},"end":{"line":105,"column":null}},"40":{"start":{"line":106,"column":4},"end":{"line":106,"column":null}},"41":{"start":{"line":110,"column":8},"end":{"line":115,"column":null}},"42":{"start":{"line":112,"column":6},"end":{"line":112,"column":null}},"43":{"start":{"line":117,"column":2},"end":{"line":123,"column":null}}},"fnMap":{"0":{"name":"useVideoProgress","decl":{"start":{"line":6,"column":16},"end":{"line":6,"column":33}},"loc":{"start":{"line":6,"column":51},"end":{"line":124,"column":null}},"line":6},"1":{"name":"(anonymous_1)","decl":{"start":{"line":22,"column":12},"end":{"line":22,"column":18}},"loc":{"start":{"line":22,"column":18},"end":{"line":32,"column":5}},"line":22},"2":{"name":"(anonymous_2)","decl":{"start":{"line":35,"column":12},"end":{"line":35,"column":18}},"loc":{"start":{"line":35,"column":18},"end":{"line":50,"column":5}},"line":35},"3":{"name":"(anonymous_3)","decl":{"start":{"line":40,"column":42},"end":{"line":40,"column":48}},"loc":{"start":{"line":40,"column":48},"end":{"line":42,"column":9}},"line":40},"4":{"name":"(anonymous_4)","decl":{"start":{"line":45,"column":11},"end":{"line":45,"column":17}},"loc":{"start":{"line":45,"column":17},"end":{"line":49,"column":null}},"line":45},"5":{"name":"(anonymous_5)","decl":{"start":{"line":53,"column":42},"end":{"line":53,"column":43}},"loc":{"start":{"line":53,"column":80},"end":{"line":85,"column":5}},"line":53},"6":{"name":"(anonymous_6)","decl":{"start":{"line":62,"column":16},"end":{"line":62,"column":17}},"loc":{"start":{"line":62,"column":26},"end":{"line":84,"column":5}},"line":62},"7":{"name":"(anonymous_7)","decl":{"start":{"line":88,"column":44},"end":{"line":88,"column":45}},"loc":{"start":{"line":88,"column":68},"end":{"line":93,"column":5}},"line":88},"8":{"name":"(anonymous_8)","decl":{"start":{"line":89,"column":16},"end":{"line":89,"column":17}},"loc":{"start":{"line":89,"column":27},"end":{"line":92,"column":6}},"line":89},"9":{"name":"(anonymous_9)","decl":{"start":{"line":96,"column":36},"end":{"line":96,"column":42}},"loc":{"start":{"line":96,"column":42},"end":{"line":107,"column":5}},"line":96},"10":{"name":"(anonymous_10)","decl":{"start":{"line":111,"column":4},"end":{"line":111,"column":5}},"loc":{"start":{"line":111,"column":28},"end":{"line":113,"column":null}},"line":111}},"branchMap":{"0":{"loc":{"start":{"line":24,"column":4},"end":{"line":31,"column":null}},"type":"if","locations":[{"start":{"line":24,"column":4},"end":{"line":31,"column":null}},{"start":{},"end":{}}],"line":24},"1":{"loc":{"start":{"line":36,"column":4},"end":{"line":43,"column":null}},"type":"if","locations":[{"start":{"line":36,"column":4},"end":{"line":43,"column":null}},{"start":{},"end":{}}],"line":36},"2":{"loc":{"start":{"line":37,"column":6},"end":{"line":39,"column":null}},"type":"if","locations":[{"start":{"line":37,"column":6},"end":{"line":39,"column":null}},{"start":{},"end":{}}],"line":37},"3":{"loc":{"start":{"line":46,"column":6},"end":{"line":48,"column":null}},"type":"if","locations":[{"start":{"line":46,"column":6},"end":{"line":48,"column":null}},{"start":{},"end":{}}],"line":46},"4":{"loc":{"start":{"line":57,"column":4},"end":{"line":59,"column":null}},"type":"if","locations":[{"start":{"line":57,"column":4},"end":{"line":59,"column":null}},{"start":{},"end":{}}],"line":57},"5":{"loc":{"start":{"line":64,"column":6},"end":{"line":70,"column":null}},"type":"if","locations":[{"start":{"line":64,"column":6},"end":{"line":70,"column":null}},{"start":{},"end":{}}],"line":64},"6":{"loc":{"start":{"line":66,"column":8},"end":{"line":68,"column":null}},"type":"if","locations":[{"start":{"line":66,"column":8},"end":{"line":68,"column":null}},{"start":{},"end":{}}],"line":66},"7":{"loc":{"start":{"line":75,"column":25},"end":{"line":75,"column":null}},"type":"cond-expr","locations":[{"start":{"line":75,"column":45},"end":{"line":75,"column":87}},{"start":{"line":75,"column":87},"end":{"line":75,"column":null}}],"line":75}},"s":{"0":1,"1":43,"2":43,"3":43,"4":43,"5":22,"6":22,"7":3,"8":3,"9":3,"10":1,"11":43,"12":42,"13":14,"14":2,"15":14,"16":2,"17":42,"18":42,"19":15,"20":43,"21":130,"22":130,"23":2,"24":128,"25":128,"26":128,"27":1,"28":1,"29":0,"30":127,"31":127,"32":127,"33":128,"34":43,"35":10,"36":10,"37":43,"38":2,"39":2,"40":2,"41":43,"42":2,"43":43},"f":{"0":43,"1":22,"2":42,"3":2,"4":42,"5":130,"6":128,"7":10,"8":10,"9":2,"10":2},"b":{"0":[3,19],"1":[14,28],"2":[2,12],"3":[15,27],"4":[2,128],"5":[1,127],"6":[1,0],"7":[127,0]},"meta":{"lastBranch":8,"lastFunction":11,"lastStatement":44,"seen":{"s:4:23:4:Infinity":0,"f:6:16:6:33":0,"s:7:30:14:Infinity":1,"s:17:8:17:Infinity":2,"s:19:8:19:Infinity":3,"s:22:2:32:Infinity":4,"f:22:12:22:18":1,"s:23:18:23:Infinity":5,"b:24:4:31:Infinity:undefined:undefined:undefined:undefined":0,"s:24:4:31:Infinity":6,"s:25:6:30:Infinity":7,"s:26:23:26:Infinity":8,"s:27:8:27:Infinity":9,"s:29:8:29:Infinity":10,"s:35:2:50:Infinity":11,"f:35:12:35:18":2,"b:36:4:43:Infinity:undefined:undefined:undefined:undefined":1,"s:36:4:43:Infinity":12,"b:37:6:39:Infinity:undefined:undefined:undefined:undefined":2,"s:37:6:39:Infinity":13,"s:38:8:38:Infinity":14,"s:40:6:42:Infinity":15,"f:40:42:40:48":3,"s:41:8:41:Infinity":16,"s:45:4:49:Infinity":17,"f:45:11:45:17":4,"b:46:6:48:Infinity:undefined:undefined:undefined:undefined":3,"s:46:6:48:Infinity":18,"s:47:8:47:Infinity":19,"s:53:8:85:Infinity":20,"f:53:42:53:43":5,"s:54:22:54:Infinity":21,"b:57:4:59:Infinity:undefined:undefined:undefined:undefined":4,"s:57:4:59:Infinity":22,"s:58:6:58:Infinity":23,"s:60:4:60:Infinity":24,"s:62:4:84:Infinity":25,"f:62:16:62:17":6,"b:64:6:70:Infinity:undefined:undefined:undefined:undefined":5,"s:64:6:70:Infinity":26,"b:66:8:68:Infinity:undefined:undefined:undefined:undefined":6,"s:66:8:68:Infinity":27,"s:67:10:67:Infinity":28,"s:69:8:69:Infinity":29,"s:73:25:73:Infinity":30,"s:74:27:74:Infinity":31,"s:75:25:75:Infinity":32,"b:75:45:75:87:75:87:75:Infinity":7,"s:77:6:83:Infinity":33,"s:88:8:93:Infinity":34,"f:88:44:88:45":7,"s:89:4:92:Infinity":35,"f:89:16:89:17":8,"s:89:27:92:6":36,"s:96:8:107:Infinity":37,"f:96:36:96:42":9,"s:97:35:104:Infinity":38,"s:105:4:105:Infinity":39,"s:106:4:106:Infinity":40,"s:110:8:115:Infinity":41,"f:111:4:111:5":10,"s:112:6:112:Infinity":42,"s:117:2:123:Infinity":43}}}
}
